<?xml version="1.0" encoding="UTF-8"?>
<coverage generated="1722866405906" clover="3.2.0">
  <project timestamp="1722866405906" name="All files">
    <metrics statements="117" coveredstatements="115" conditionals="20" coveredconditionals="20" methods="16" coveredmethods="15" elements="153" coveredelements="150" complexity="0" loc="117" ncloc="117" packages="5" files="17" classes="17"/>
    <package name="todos">
      <metrics statements="7" coveredstatements="5" conditionals="0" coveredconditionals="0" methods="1" coveredmethods="0"/>
      <file name="dbSchema.js" path="/Volumes/Files/projects/todo_api/src/routes/v1/todos/dbSchema.js">
        <metrics statements="7" coveredstatements="5" conditionals="0" coveredconditionals="0" methods="1" coveredmethods="0"/>
        <line num="1" count="4" type="stmt"/>
        <line num="3" count="4" type="stmt"/>
        <line num="11" count="4" type="stmt"/>
        <line num="13" count="0" type="stmt"/>
        <line num="14" count="0" type="stmt"/>
        <line num="18" count="4" type="stmt"/>
        <line num="19" count="4" type="stmt"/>
      </file>
    </package>
    <package name="todos.create">
      <metrics statements="26" coveredstatements="26" conditionals="2" coveredconditionals="2" methods="3" coveredmethods="3"/>
      <file name="controller.js" path="/Volumes/Files/projects/todo_api/src/routes/v1/todos/create/controller.js">
        <metrics statements="9" coveredstatements="9" conditionals="0" coveredconditionals="0" methods="1" coveredmethods="1"/>
        <line num="1" count="2" type="stmt"/>
        <line num="3" count="2" type="stmt"/>
        <line num="4" count="4" type="stmt"/>
        <line num="6" count="4" type="stmt"/>
        <line num="7" count="4" type="stmt"/>
        <line num="8" count="4" type="stmt"/>
        <line num="9" count="3" type="stmt"/>
        <line num="13" count="1" type="stmt"/>
        <line num="21" count="2" type="stmt"/>
      </file>
      <file name="index.js" path="/Volumes/Files/projects/todo_api/src/routes/v1/todos/create/index.js">
        <metrics statements="5" coveredstatements="5" conditionals="0" coveredconditionals="0" methods="0" coveredmethods="0"/>
        <line num="1" count="1" type="stmt"/>
        <line num="2" count="1" type="stmt"/>
        <line num="3" count="1" type="stmt"/>
        <line num="4" count="1" type="stmt"/>
        <line num="6" count="1" type="stmt"/>
      </file>
      <file name="requestSchema.js" path="/Volumes/Files/projects/todo_api/src/routes/v1/todos/create/requestSchema.js">
        <metrics statements="2" coveredstatements="2" conditionals="0" coveredconditionals="0" methods="0" coveredmethods="0"/>
        <line num="1" count="1" type="stmt"/>
        <line num="20" count="1" type="stmt"/>
      </file>
      <file name="validator.js" path="/Volumes/Files/projects/todo_api/src/routes/v1/todos/create/validator.js">
        <metrics statements="10" coveredstatements="10" conditionals="2" coveredconditionals="2" methods="2" coveredmethods="2"/>
        <line num="1" count="1" type="stmt"/>
        <line num="2" count="1" type="stmt"/>
        <line num="4" count="1" type="stmt"/>
        <line num="5" count="5" type="stmt"/>
        <line num="6" count="5" type="stmt"/>
        <line num="8" count="5" type="cond" truecount="2" falsecount="0"/>
        <line num="9" count="4" type="stmt"/>
        <line num="14" count="3" type="stmt"/>
        <line num="17" count="2" type="stmt"/>
        <line num="20" count="1" type="stmt"/>
      </file>
    </package>
    <package name="todos.delete">
      <metrics statements="27" coveredstatements="27" conditionals="4" coveredconditionals="4" methods="4" coveredmethods="4"/>
      <file name="controller.js" path="/Volumes/Files/projects/todo_api/src/routes/v1/todos/delete/controller.js">
        <metrics statements="8" coveredstatements="8" conditionals="0" coveredconditionals="0" methods="1" coveredmethods="1"/>
        <line num="1" count="2" type="stmt"/>
        <line num="3" count="2" type="stmt"/>
        <line num="4" count="2" type="stmt"/>
        <line num="5" count="2" type="stmt"/>
        <line num="6" count="2" type="stmt"/>
        <line num="7" count="1" type="stmt"/>
        <line num="11" count="1" type="stmt"/>
        <line num="19" count="2" type="stmt"/>
      </file>
      <file name="index.js" path="/Volumes/Files/projects/todo_api/src/routes/v1/todos/delete/index.js">
        <metrics statements="3" coveredstatements="3" conditionals="0" coveredconditionals="0" methods="0" coveredmethods="0"/>
        <line num="1" count="1" type="stmt"/>
        <line num="2" count="1" type="stmt"/>
        <line num="4" count="1" type="stmt"/>
      </file>
      <file name="requestSchema.js" path="/Volumes/Files/projects/todo_api/src/routes/v1/todos/delete/requestSchema.js">
        <metrics statements="6" coveredstatements="6" conditionals="2" coveredconditionals="2" methods="1" coveredmethods="1"/>
        <line num="1" count="1" type="stmt"/>
        <line num="3" count="1" type="stmt"/>
        <line num="8" count="2" type="cond" truecount="2" falsecount="0"/>
        <line num="9" count="1" type="stmt"/>
        <line num="11" count="1" type="stmt"/>
        <line num="17" count="1" type="stmt"/>
      </file>
      <file name="validator.js" path="/Volumes/Files/projects/todo_api/src/routes/v1/todos/delete/validator.js">
        <metrics statements="10" coveredstatements="10" conditionals="2" coveredconditionals="2" methods="2" coveredmethods="2"/>
        <line num="1" count="1" type="stmt"/>
        <line num="2" count="1" type="stmt"/>
        <line num="4" count="1" type="stmt"/>
        <line num="5" count="2" type="stmt"/>
        <line num="6" count="2" type="stmt"/>
        <line num="8" count="2" type="cond" truecount="2" falsecount="0"/>
        <line num="9" count="1" type="stmt"/>
        <line num="14" count="1" type="stmt"/>
        <line num="17" count="1" type="stmt"/>
        <line num="20" count="1" type="stmt"/>
      </file>
    </package>
    <package name="todos.get">
      <metrics statements="30" coveredstatements="30" conditionals="8" coveredconditionals="8" methods="4" coveredmethods="4"/>
      <file name="controller.js" path="/Volumes/Files/projects/todo_api/src/routes/v1/todos/get/controller.js">
        <metrics statements="15" coveredstatements="15" conditionals="6" coveredconditionals="6" methods="2" coveredmethods="2"/>
        <line num="1" count="2" type="stmt"/>
        <line num="3" count="2" type="stmt"/>
        <line num="4" count="7" type="stmt"/>
        <line num="6" count="7" type="cond" truecount="2" falsecount="0"/>
        <line num="7" count="7" type="stmt"/>
        <line num="10" count="2" type="stmt"/>
        <line num="11" count="7" type="stmt"/>
        <line num="12" count="7" type="stmt"/>
        <line num="13" count="7" type="cond" truecount="2" falsecount="0"/>
        <line num="14" count="7" type="cond" truecount="2" falsecount="0"/>
        <line num="15" count="7" type="stmt"/>
        <line num="16" count="7" type="stmt"/>
        <line num="17" count="6" type="stmt"/>
        <line num="21" count="1" type="stmt"/>
        <line num="29" count="2" type="stmt"/>
      </file>
      <file name="index.js" path="/Volumes/Files/projects/todo_api/src/routes/v1/todos/get/index.js">
        <metrics statements="3" coveredstatements="3" conditionals="0" coveredconditionals="0" methods="0" coveredmethods="0"/>
        <line num="1" count="1" type="stmt"/>
        <line num="2" count="1" type="stmt"/>
        <line num="4" count="1" type="stmt"/>
      </file>
      <file name="requestSchema.js" path="/Volumes/Files/projects/todo_api/src/routes/v1/todos/get/requestSchema.js">
        <metrics statements="2" coveredstatements="2" conditionals="0" coveredconditionals="0" methods="0" coveredmethods="0"/>
        <line num="1" count="1" type="stmt"/>
        <line num="19" count="1" type="stmt"/>
      </file>
      <file name="validator.js" path="/Volumes/Files/projects/todo_api/src/routes/v1/todos/get/validator.js">
        <metrics statements="10" coveredstatements="10" conditionals="2" coveredconditionals="2" methods="2" coveredmethods="2"/>
        <line num="1" count="1" type="stmt"/>
        <line num="2" count="1" type="stmt"/>
        <line num="4" count="1" type="stmt"/>
        <line num="5" count="4" type="stmt"/>
        <line num="6" count="4" type="stmt"/>
        <line num="8" count="4" type="cond" truecount="2" falsecount="0"/>
        <line num="9" count="3" type="stmt"/>
        <line num="14" count="1" type="stmt"/>
        <line num="17" count="3" type="stmt"/>
        <line num="20" count="1" type="stmt"/>
      </file>
    </package>
    <package name="todos.update">
      <metrics statements="27" coveredstatements="27" conditionals="6" coveredconditionals="6" methods="4" coveredmethods="4"/>
      <file name="controller.js" path="/Volumes/Files/projects/todo_api/src/routes/v1/todos/update/controller.js">
        <metrics statements="8" coveredstatements="8" conditionals="2" coveredconditionals="2" methods="1" coveredmethods="1"/>
        <line num="1" count="2" type="stmt"/>
        <line num="3" count="2" type="stmt"/>
        <line num="4" count="2" type="stmt"/>
        <line num="6" count="2" type="stmt"/>
        <line num="17" count="2" type="cond" truecount="2" falsecount="0"/>
        <line num="18" count="1" type="stmt"/>
        <line num="23" count="1" type="stmt"/>
        <line num="28" count="2" type="stmt"/>
      </file>
      <file name="index.js" path="/Volumes/Files/projects/todo_api/src/routes/v1/todos/update/index.js">
        <metrics statements="3" coveredstatements="3" conditionals="0" coveredconditionals="0" methods="0" coveredmethods="0"/>
        <line num="1" count="1" type="stmt"/>
        <line num="2" count="1" type="stmt"/>
        <line num="4" count="1" type="stmt"/>
      </file>
      <file name="requestSchema.js" path="/Volumes/Files/projects/todo_api/src/routes/v1/todos/update/requestSchema.js">
        <metrics statements="6" coveredstatements="6" conditionals="2" coveredconditionals="2" methods="1" coveredmethods="1"/>
        <line num="1" count="1" type="stmt"/>
        <line num="3" count="1" type="stmt"/>
        <line num="8" count="3" type="cond" truecount="2" falsecount="0"/>
        <line num="9" count="1" type="stmt"/>
        <line num="11" count="2" type="stmt"/>
        <line num="33" count="1" type="stmt"/>
      </file>
      <file name="validator.js" path="/Volumes/Files/projects/todo_api/src/routes/v1/todos/update/validator.js">
        <metrics statements="10" coveredstatements="10" conditionals="2" coveredconditionals="2" methods="2" coveredmethods="2"/>
        <line num="1" count="1" type="stmt"/>
        <line num="2" count="1" type="stmt"/>
        <line num="4" count="1" type="stmt"/>
        <line num="5" count="3" type="stmt"/>
        <line num="6" count="3" type="stmt"/>
        <line num="8" count="3" type="cond" truecount="2" falsecount="0"/>
        <line num="9" count="3" type="stmt"/>
        <line num="14" count="2" type="stmt"/>
        <line num="17" count="1" type="stmt"/>
        <line num="20" count="1" type="stmt"/>
      </file>
    </package>
  </project>
</coverage>
