{"/Volumes/Files/projects/todo_api/src/routes/v1/todos/create/controller.js": {"path":"/Volumes/Files/projects/todo_api/src/routes/v1/todos/create/controller.js","statementMap":{"0":{"start":{"line":1,"column":29},"end":{"line":1,"column":51}},"1":{"start":{"line":3,"column":25},"end":{"line":19,"column":1}},"2":{"start":{"line":4,"column":33},"end":{"line":4,"column":41}},"3":{"start":{"line":6,"column":15},"end":{"line":6,"column":70}},"4":{"start":{"line":7,"column":2},"end":{"line":18,"column":3}},"5":{"start":{"line":8,"column":19},"end":{"line":8,"column":36}},"6":{"start":{"line":9,"column":4},"end":{"line":11,"column":80}},"7":{"start":{"line":13,"column":4},"end":{"line":17,"column":7}},"8":{"start":{"line":21,"column":0},"end":{"line":21,"column":38}}},"fnMap":{"0":{"name":"(anonymous_0)","decl":{"start":{"line":3,"column":25},"end":{"line":3,"column":26}},"loc":{"start":{"line":3,"column":45},"end":{"line":19,"column":1}},"line":3}},"branchMap":{},"s":{"0":1,"1":1,"2":4,"3":4,"4":4,"5":4,"6":3,"7":1,"8":1},"f":{"0":4},"b":{},"_coverageSchema":"1a1c01bbd47fc00a2c39e90264f33305004495a9","hash":"d57e09fe26e76b98dc79250914590e9937542c78"}
,"/Volumes/Files/projects/todo_api/src/routes/v1/todos/delete/controller.js": {"path":"/Volumes/Files/projects/todo_api/src/routes/v1/todos/delete/controller.js","statementMap":{"0":{"start":{"line":1,"column":29},"end":{"line":1,"column":51}},"1":{"start":{"line":3,"column":25},"end":{"line":17,"column":1}},"2":{"start":{"line":4,"column":17},"end":{"line":4,"column":25}},"3":{"start":{"line":5,"column":2},"end":{"line":16,"column":3}},"4":{"start":{"line":6,"column":4},"end":{"line":6,"column":42}},"5":{"start":{"line":7,"column":4},"end":{"line":9,"column":80}},"6":{"start":{"line":11,"column":4},"end":{"line":15,"column":7}},"7":{"start":{"line":19,"column":0},"end":{"line":19,"column":38}}},"fnMap":{"0":{"name":"(anonymous_0)","decl":{"start":{"line":3,"column":25},"end":{"line":3,"column":26}},"loc":{"start":{"line":3,"column":45},"end":{"line":17,"column":1}},"line":3}},"branchMap":{},"s":{"0":1,"1":1,"2":2,"3":2,"4":2,"5":1,"6":1,"7":1},"f":{"0":2},"b":{},"_coverageSchema":"1a1c01bbd47fc00a2c39e90264f33305004495a9","hash":"e4311a66f6af4f041e8ee48edceb01edec38822d"}
,"/Volumes/Files/projects/todo_api/src/routes/v1/todos/get/controller.js": {"path":"/Volumes/Files/projects/todo_api/src/routes/v1/todos/get/controller.js","statementMap":{"0":{"start":{"line":1,"column":29},"end":{"line":1,"column":51}},"1":{"start":{"line":3,"column":19},"end":{"line":8,"column":1}},"2":{"start":{"line":4,"column":14},"end":{"line":4,"column":16}},"3":{"start":{"line":6,"column":2},"end":{"line":6,"column":45}},"4":{"start":{"line":6,"column":17},"end":{"line":6,"column":45}},"5":{"start":{"line":7,"column":2},"end":{"line":7,"column":15}},"6":{"start":{"line":10,"column":22},"end":{"line":27,"column":1}},"7":{"start":{"line":11,"column":26},"end":{"line":11,"column":35}},"8":{"start":{"line":12,"column":14},"end":{"line":12,"column":35}},"9":{"start":{"line":13,"column":13},"end":{"line":13,"column":24}},"10":{"start":{"line":14,"column":13},"end":{"line":14,"column":35}},"11":{"start":{"line":15,"column":2},"end":{"line":26,"column":3}},"12":{"start":{"line":16,"column":19},"end":{"line":16,"column":69}},"13":{"start":{"line":17,"column":4},"end":{"line":19,"column":78}},"14":{"start":{"line":21,"column":4},"end":{"line":25,"column":7}},"15":{"start":{"line":29,"column":0},"end":{"line":29,"column":35}}},"fnMap":{"0":{"name":"(anonymous_0)","decl":{"start":{"line":3,"column":19},"end":{"line":3,"column":20}},"loc":{"start":{"line":3,"column":38},"end":{"line":8,"column":1}},"line":3},"1":{"name":"(anonymous_1)","decl":{"start":{"line":10,"column":22},"end":{"line":10,"column":23}},"loc":{"start":{"line":10,"column":42},"end":{"line":27,"column":1}},"line":10}},"branchMap":{"0":{"loc":{"start":{"line":6,"column":2},"end":{"line":6,"column":45}},"type":"if","locations":[{"start":{"line":6,"column":2},"end":{"line":6,"column":45}},{"start":{},"end":{}}],"line":6},"1":{"loc":{"start":{"line":13,"column":13},"end":{"line":13,"column":24}},"type":"binary-expr","locations":[{"start":{"line":13,"column":13},"end":{"line":13,"column":18}},{"start":{"line":13,"column":22},"end":{"line":13,"column":24}}],"line":13},"2":{"loc":{"start":{"line":14,"column":13},"end":{"line":14,"column":35}},"type":"cond-expr","locations":[{"start":{"line":14,"column":20},"end":{"line":14,"column":31}},{"start":{"line":14,"column":34},"end":{"line":14,"column":35}}],"line":14}},"s":{"0":1,"1":1,"2":7,"3":7,"4":2,"5":7,"6":1,"7":7,"8":7,"9":7,"10":7,"11":7,"12":7,"13":6,"14":1,"15":1},"f":{"0":7,"1":7},"b":{"0":[2,5],"1":[7,4],"2":[2,5]},"_coverageSchema":"1a1c01bbd47fc00a2c39e90264f33305004495a9","hash":"a048e6c178070e8f27b9c3ae8db3163c9959cf35"}
,"/Volumes/Files/projects/todo_api/src/routes/v1/todos/update/controller.js": {"path":"/Volumes/Files/projects/todo_api/src/routes/v1/todos/update/controller.js","statementMap":{"0":{"start":{"line":1,"column":29},"end":{"line":1,"column":51}},"1":{"start":{"line":3,"column":25},"end":{"line":26,"column":1}},"2":{"start":{"line":4,"column":48},"end":{"line":4,"column":56}},"3":{"start":{"line":6,"column":17},"end":{"line":15,"column":3}},"4":{"start":{"line":17,"column":2},"end":{"line":21,"column":3}},"5":{"start":{"line":18,"column":4},"end":{"line":20,"column":79}},"6":{"start":{"line":23,"column":2},"end":{"line":25,"column":78}},"7":{"start":{"line":28,"column":0},"end":{"line":28,"column":38}}},"fnMap":{"0":{"name":"(anonymous_0)","decl":{"start":{"line":3,"column":25},"end":{"line":3,"column":26}},"loc":{"start":{"line":3,"column":45},"end":{"line":26,"column":1}},"line":3}},"branchMap":{"0":{"loc":{"start":{"line":17,"column":2},"end":{"line":21,"column":3}},"type":"if","locations":[{"start":{"line":17,"column":2},"end":{"line":21,"column":3}},{"start":{},"end":{}}],"line":17}},"s":{"0":1,"1":1,"2":3,"3":3,"4":2,"5":1,"6":1,"7":1},"f":{"0":3},"b":{"0":[1,1]},"_coverageSchema":"1a1c01bbd47fc00a2c39e90264f33305004495a9","hash":"a745e4562acf3585e15b3fbfac732b0ce50465f0"}
}
