TN:
SF:src/routes/v1/todos/dbSchema.js
FN:12,(anonymous_0)
FNF:1
FNH:0
FNDA:0,(anonymous_0)
DA:1,4
DA:3,4
DA:11,4
DA:13,0
DA:14,0
DA:18,4
DA:19,4
LF:7
LH:5
BRF:0
BRH:0
end_of_record
TN:
SF:src/routes/v1/todos/create/controller.js
FN:3,(anonymous_0)
FNF:1
FNH:1
FNDA:4,(anonymous_0)
DA:1,2
DA:3,2
DA:4,4
DA:6,4
DA:7,4
DA:8,4
DA:9,3
DA:13,1
DA:21,2
LF:9
LH:9
BRF:0
BRH:0
end_of_record
TN:
SF:src/routes/v1/todos/create/index.js
FNF:0
FNH:0
DA:1,1
DA:2,1
DA:3,1
DA:4,1
DA:6,1
LF:5
LH:5
BRF:0
BRH:0
end_of_record
TN:
SF:src/routes/v1/todos/create/requestSchema.js
FNF:0
FNH:0
DA:1,1
DA:20,1
LF:2
LH:2
BRF:0
BRH:0
end_of_record
TN:
SF:src/routes/v1/todos/create/validator.js
FN:4,(anonymous_0)
FN:9,(anonymous_1)
FNF:2
FNH:2
FNDA:5,(anonymous_0)
FNDA:4,(anonymous_1)
DA:1,1
DA:2,1
DA:4,1
DA:5,5
DA:6,5
DA:8,5
DA:9,4
DA:14,3
DA:17,2
DA:20,1
LF:10
LH:10
BRDA:8,0,0,3
BRDA:8,0,1,2
BRF:2
BRH:2
end_of_record
TN:
SF:src/routes/v1/todos/delete/controller.js
FN:3,(anonymous_0)
FNF:1
FNH:1
FNDA:2,(anonymous_0)
DA:1,2
DA:3,2
DA:4,2
DA:5,2
DA:6,2
DA:7,1
DA:11,1
DA:19,2
LF:8
LH:8
BRF:0
BRH:0
end_of_record
TN:
SF:src/routes/v1/todos/delete/index.js
FNF:0
FNH:0
DA:1,1
DA:2,1
DA:4,1
LF:3
LH:3
BRF:0
BRH:0
end_of_record
TN:
SF:src/routes/v1/todos/delete/requestSchema.js
FN:7,(anonymous_0)
FNF:1
FNH:1
FNDA:2,(anonymous_0)
DA:1,1
DA:3,1
DA:8,2
DA:9,1
DA:11,1
DA:17,1
LF:6
LH:6
BRDA:8,0,0,1
BRDA:8,0,1,1
BRF:2
BRH:2
end_of_record
TN:
SF:src/routes/v1/todos/delete/validator.js
FN:4,(anonymous_0)
FN:9,(anonymous_1)
FNF:2
FNH:2
FNDA:2,(anonymous_0)
FNDA:1,(anonymous_1)
DA:1,1
DA:2,1
DA:4,1
DA:5,2
DA:6,2
DA:8,2
DA:9,1
DA:14,1
DA:17,1
DA:20,1
LF:10
LH:10
BRDA:8,0,0,1
BRDA:8,0,1,1
BRF:2
BRH:2
end_of_record
TN:
SF:src/routes/v1/todos/get/controller.js
FN:3,(anonymous_0)
FN:10,(anonymous_1)
FNF:2
FNH:2
FNDA:7,(anonymous_0)
FNDA:7,(anonymous_1)
DA:1,2
DA:3,2
DA:4,7
DA:6,7
DA:7,7
DA:10,2
DA:11,7
DA:12,7
DA:13,7
DA:14,7
DA:15,7
DA:16,7
DA:17,6
DA:21,1
DA:29,2
LF:15
LH:15
BRDA:6,0,0,2
BRDA:6,0,1,5
BRDA:13,1,0,7
BRDA:13,1,1,4
BRDA:14,2,0,2
BRDA:14,2,1,5
BRF:6
BRH:6
end_of_record
TN:
SF:src/routes/v1/todos/get/index.js
FNF:0
FNH:0
DA:1,1
DA:2,1
DA:4,1
LF:3
LH:3
BRF:0
BRH:0
end_of_record
TN:
SF:src/routes/v1/todos/get/requestSchema.js
FNF:0
FNH:0
DA:1,1
DA:19,1
LF:2
LH:2
BRF:0
BRH:0
end_of_record
TN:
SF:src/routes/v1/todos/get/validator.js
FN:4,(anonymous_0)
FN:9,(anonymous_1)
FNF:2
FNH:2
FNDA:4,(anonymous_0)
FNDA:3,(anonymous_1)
DA:1,1
DA:2,1
DA:4,1
DA:5,4
DA:6,4
DA:8,4
DA:9,3
DA:14,1
DA:17,3
DA:20,1
LF:10
LH:10
BRDA:8,0,0,1
BRDA:8,0,1,3
BRF:2
BRH:2
end_of_record
TN:
SF:src/routes/v1/todos/update/controller.js
FN:3,(anonymous_0)
FNF:1
FNH:1
FNDA:2,(anonymous_0)
DA:1,2
DA:3,2
DA:4,2
DA:6,2
DA:17,2
DA:18,1
DA:23,1
DA:28,2
LF:8
LH:8
BRDA:17,0,0,1
BRDA:17,0,1,1
BRF:2
BRH:2
end_of_record
TN:
SF:src/routes/v1/todos/update/index.js
FNF:0
FNH:0
DA:1,1
DA:2,1
DA:4,1
LF:3
LH:3
BRF:0
BRH:0
end_of_record
TN:
SF:src/routes/v1/todos/update/requestSchema.js
FN:7,(anonymous_0)
FNF:1
FNH:1
FNDA:3,(anonymous_0)
DA:1,1
DA:3,1
DA:8,3
DA:9,1
DA:11,2
DA:33,1
LF:6
LH:6
BRDA:8,0,0,1
BRDA:8,0,1,2
BRF:2
BRH:2
end_of_record
TN:
SF:src/routes/v1/todos/update/validator.js
FN:4,(anonymous_0)
FN:9,(anonymous_1)
FNF:2
FNH:2
FNDA:3,(anonymous_0)
FNDA:3,(anonymous_1)
DA:1,1
DA:2,1
DA:4,1
DA:5,3
DA:6,3
DA:8,3
DA:9,3
DA:14,2
DA:17,1
DA:20,1
LF:10
LH:10
BRDA:8,0,0,2
BRDA:8,0,1,1
BRF:2
BRH:2
end_of_record
