TN:
SF:src/routes/v1/todos/create/controller.js
FN:3,(anonymous_0)
FNF:1
FNH:1
FNDA:4,(anonymous_0)
DA:1,1
DA:3,1
DA:4,4
DA:6,4
DA:7,4
DA:8,4
DA:9,3
DA:13,1
DA:21,1
LF:9
LH:9
BRF:0
BRH:0
end_of_record
TN:
SF:src/routes/v1/todos/delete/controller.js
FN:3,(anonymous_0)
FNF:1
FNH:1
FNDA:2,(anonymous_0)
DA:1,1
DA:3,1
DA:4,2
DA:5,2
DA:6,2
DA:7,1
DA:11,1
DA:19,1
LF:8
LH:8
BRF:0
BRH:0
end_of_record
TN:
SF:src/routes/v1/todos/get/controller.js
FN:3,(anonymous_0)
FN:10,(anonymous_1)
FNF:2
FNH:2
FNDA:7,(anonymous_0)
FNDA:7,(anonymous_1)
DA:1,1
DA:3,1
DA:4,7
DA:6,7
DA:7,7
DA:10,1
DA:11,7
DA:12,7
DA:13,7
DA:14,7
DA:15,7
DA:16,7
DA:17,6
DA:21,1
DA:29,1
LF:15
LH:15
BRDA:6,0,0,2
BRDA:6,0,1,5
BRDA:13,1,0,7
BRDA:13,1,1,4
BRDA:14,2,0,2
BRDA:14,2,1,5
BRF:6
BRH:6
end_of_record
TN:
SF:src/routes/v1/todos/update/controller.js
FN:3,(anonymous_0)
FNF:1
FNH:1
FNDA:3,(anonymous_0)
DA:1,1
DA:3,1
DA:4,3
DA:6,3
DA:17,2
DA:18,1
DA:23,1
DA:28,1
LF:8
LH:8
BRDA:17,0,0,1
BRDA:17,0,1,1
BRF:2
BRH:2
end_of_record
